{"/home/simon/code/node/node-todo-api/server/server.js": {"path":"/home/simon/code/node/node-todo-api/server/server.js","statementMap":{"0":{"start":{"line":1,"column":0},"end":{"line":1,"column":26}},"1":{"start":{"line":3,"column":10},"end":{"line":3,"column":27}},"2":{"start":{"line":4,"column":16},"end":{"line":4,"column":34}},"3":{"start":{"line":5,"column":19},"end":{"line":5,"column":41}},"4":{"start":{"line":7,"column":18},"end":{"line":7,"column":42}},"5":{"start":{"line":8,"column":19},"end":{"line":8,"column":37}},"6":{"start":{"line":10,"column":13},"end":{"line":10,"column":37}},"7":{"start":{"line":11,"column":13},"end":{"line":11,"column":37}},"8":{"start":{"line":12,"column":21},"end":{"line":12,"column":57}},"9":{"start":{"line":14,"column":10},"end":{"line":14,"column":19}},"10":{"start":{"line":15,"column":13},"end":{"line":15,"column":29}},"11":{"start":{"line":17,"column":0},"end":{"line":17,"column":27}},"12":{"start":{"line":19,"column":0},"end":{"line":29,"column":2}},"13":{"start":{"line":20,"column":13},"end":{"line":22,"column":4}},"14":{"start":{"line":23,"column":2},"end":{"line":27,"column":4}},"15":{"start":{"line":24,"column":4},"end":{"line":24,"column":18}},"16":{"start":{"line":26,"column":4},"end":{"line":26,"column":28}},"17":{"start":{"line":31,"column":0},"end":{"line":37,"column":2}},"18":{"start":{"line":32,"column":2},"end":{"line":36,"column":4}},"19":{"start":{"line":33,"column":4},"end":{"line":33,"column":21}},"20":{"start":{"line":35,"column":4},"end":{"line":35,"column":27}},"21":{"start":{"line":39,"column":0},"end":{"line":55,"column":2}},"22":{"start":{"line":43,"column":11},"end":{"line":43,"column":24}},"23":{"start":{"line":44,"column":2},"end":{"line":46,"column":3}},"24":{"start":{"line":45,"column":4},"end":{"line":45,"column":33}},"25":{"start":{"line":47,"column":2},"end":{"line":54,"column":4}},"26":{"start":{"line":48,"column":4},"end":{"line":50,"column":5}},"27":{"start":{"line":49,"column":6},"end":{"line":49,"column":35}},"28":{"start":{"line":51,"column":4},"end":{"line":51,"column":18}},"29":{"start":{"line":53,"column":4},"end":{"line":53,"column":26}},"30":{"start":{"line":57,"column":0},"end":{"line":71,"column":2}},"31":{"start":{"line":58,"column":11},"end":{"line":58,"column":24}},"32":{"start":{"line":59,"column":2},"end":{"line":61,"column":3}},"33":{"start":{"line":60,"column":4},"end":{"line":60,"column":33}},"34":{"start":{"line":62,"column":2},"end":{"line":70,"column":4}},"35":{"start":{"line":63,"column":4},"end":{"line":65,"column":5}},"36":{"start":{"line":64,"column":6},"end":{"line":64,"column":35}},"37":{"start":{"line":66,"column":4},"end":{"line":66,"column":20}},"38":{"start":{"line":69,"column":4},"end":{"line":69,"column":26}},"39":{"start":{"line":73,"column":0},"end":{"line":96,"column":2}},"40":{"start":{"line":74,"column":11},"end":{"line":74,"column":24}},"41":{"start":{"line":75,"column":13},"end":{"line":75,"column":52}},"42":{"start":{"line":76,"column":2},"end":{"line":78,"column":3}},"43":{"start":{"line":77,"column":4},"end":{"line":77,"column":33}},"44":{"start":{"line":80,"column":2},"end":{"line":85,"column":3}},"45":{"start":{"line":81,"column":4},"end":{"line":81,"column":43}},"46":{"start":{"line":83,"column":4},"end":{"line":83,"column":26}},"47":{"start":{"line":84,"column":4},"end":{"line":84,"column":27}},"48":{"start":{"line":87,"column":2},"end":{"line":95,"column":4}},"49":{"start":{"line":88,"column":4},"end":{"line":90,"column":5}},"50":{"start":{"line":89,"column":6},"end":{"line":89,"column":35}},"51":{"start":{"line":91,"column":4},"end":{"line":91,"column":20}},"52":{"start":{"line":94,"column":4},"end":{"line":94,"column":27}},"53":{"start":{"line":99,"column":0},"end":{"line":116,"column":2}},"54":{"start":{"line":100,"column":13},"end":{"line":100,"column":52}},"55":{"start":{"line":101,"column":13},"end":{"line":101,"column":27}},"56":{"start":{"line":108,"column":2},"end":{"line":114,"column":4}},"57":{"start":{"line":109,"column":4},"end":{"line":109,"column":35}},"58":{"start":{"line":111,"column":4},"end":{"line":111,"column":43}},"59":{"start":{"line":113,"column":4},"end":{"line":113,"column":27}},"60":{"start":{"line":118,"column":0},"end":{"line":120,"column":2}},"61":{"start":{"line":119,"column":2},"end":{"line":119,"column":20}},"62":{"start":{"line":122,"column":0},"end":{"line":124,"column":2}},"63":{"start":{"line":123,"column":2},"end":{"line":123,"column":41}},"64":{"start":{"line":126,"column":0},"end":{"line":126,"column":22}}},"fnMap":{"0":{"name":"(anonymous_0)","decl":{"start":{"line":19,"column":19},"end":{"line":19,"column":20}},"loc":{"start":{"line":19,"column":32},"end":{"line":29,"column":1}},"line":19},"1":{"name":"(anonymous_1)","decl":{"start":{"line":23,"column":19},"end":{"line":23,"column":20}},"loc":{"start":{"line":23,"column":28},"end":{"line":25,"column":3}},"line":23},"2":{"name":"(anonymous_2)","decl":{"start":{"line":25,"column":5},"end":{"line":25,"column":6}},"loc":{"start":{"line":25,"column":12},"end":{"line":27,"column":3}},"line":25},"3":{"name":"(anonymous_3)","decl":{"start":{"line":31,"column":18},"end":{"line":31,"column":19}},"loc":{"start":{"line":31,"column":32},"end":{"line":37,"column":1}},"line":31},"4":{"name":"(anonymous_4)","decl":{"start":{"line":32,"column":19},"end":{"line":32,"column":20}},"loc":{"start":{"line":32,"column":30},"end":{"line":34,"column":3}},"line":32},"5":{"name":"(anonymous_5)","decl":{"start":{"line":34,"column":11},"end":{"line":34,"column":12}},"loc":{"start":{"line":34,"column":18},"end":{"line":36,"column":3}},"line":34},"6":{"name":"(anonymous_6)","decl":{"start":{"line":39,"column":22},"end":{"line":39,"column":23}},"loc":{"start":{"line":39,"column":36},"end":{"line":55,"column":1}},"line":39},"7":{"name":"(anonymous_7)","decl":{"start":{"line":47,"column":25},"end":{"line":47,"column":26}},"loc":{"start":{"line":47,"column":35},"end":{"line":52,"column":3}},"line":47},"8":{"name":"(anonymous_8)","decl":{"start":{"line":52,"column":11},"end":{"line":52,"column":12}},"loc":{"start":{"line":52,"column":18},"end":{"line":54,"column":3}},"line":52},"9":{"name":"(anonymous_9)","decl":{"start":{"line":57,"column":25},"end":{"line":57,"column":26}},"loc":{"start":{"line":57,"column":39},"end":{"line":71,"column":1}},"line":57},"10":{"name":"(anonymous_10)","decl":{"start":{"line":62,"column":34},"end":{"line":62,"column":35}},"loc":{"start":{"line":62,"column":44},"end":{"line":68,"column":3}},"line":62},"11":{"name":"(anonymous_11)","decl":{"start":{"line":68,"column":11},"end":{"line":68,"column":12}},"loc":{"start":{"line":68,"column":18},"end":{"line":70,"column":3}},"line":68},"12":{"name":"(anonymous_12)","decl":{"start":{"line":73,"column":24},"end":{"line":73,"column":25}},"loc":{"start":{"line":73,"column":37},"end":{"line":96,"column":1}},"line":73},"13":{"name":"(anonymous_13)","decl":{"start":{"line":87,"column":61},"end":{"line":87,"column":62}},"loc":{"start":{"line":87,"column":71},"end":{"line":93,"column":3}},"line":87},"14":{"name":"(anonymous_14)","decl":{"start":{"line":93,"column":11},"end":{"line":93,"column":12}},"loc":{"start":{"line":93,"column":18},"end":{"line":95,"column":3}},"line":93},"15":{"name":"(anonymous_15)","decl":{"start":{"line":99,"column":19},"end":{"line":99,"column":20}},"loc":{"start":{"line":99,"column":32},"end":{"line":116,"column":1}},"line":99},"16":{"name":"(anonymous_16)","decl":{"start":{"line":108,"column":19},"end":{"line":108,"column":20}},"loc":{"start":{"line":108,"column":25},"end":{"line":110,"column":3}},"line":108},"17":{"name":"(anonymous_17)","decl":{"start":{"line":110,"column":10},"end":{"line":110,"column":11}},"loc":{"start":{"line":110,"column":21},"end":{"line":112,"column":3}},"line":110},"18":{"name":"(anonymous_18)","decl":{"start":{"line":112,"column":11},"end":{"line":112,"column":12}},"loc":{"start":{"line":112,"column":18},"end":{"line":114,"column":3}},"line":112},"19":{"name":"(anonymous_19)","decl":{"start":{"line":118,"column":35},"end":{"line":118,"column":36}},"loc":{"start":{"line":118,"column":49},"end":{"line":120,"column":1}},"line":118},"20":{"name":"(anonymous_20)","decl":{"start":{"line":122,"column":17},"end":{"line":122,"column":18}},"loc":{"start":{"line":122,"column":23},"end":{"line":124,"column":1}},"line":122}},"branchMap":{"0":{"loc":{"start":{"line":44,"column":2},"end":{"line":46,"column":3}},"type":"if","locations":[{"start":{"line":44,"column":2},"end":{"line":46,"column":3}},{"start":{"line":44,"column":2},"end":{"line":46,"column":3}}],"line":44},"1":{"loc":{"start":{"line":48,"column":4},"end":{"line":50,"column":5}},"type":"if","locations":[{"start":{"line":48,"column":4},"end":{"line":50,"column":5}},{"start":{"line":48,"column":4},"end":{"line":50,"column":5}}],"line":48},"2":{"loc":{"start":{"line":59,"column":2},"end":{"line":61,"column":3}},"type":"if","locations":[{"start":{"line":59,"column":2},"end":{"line":61,"column":3}},{"start":{"line":59,"column":2},"end":{"line":61,"column":3}}],"line":59},"3":{"loc":{"start":{"line":63,"column":4},"end":{"line":65,"column":5}},"type":"if","locations":[{"start":{"line":63,"column":4},"end":{"line":65,"column":5}},{"start":{"line":63,"column":4},"end":{"line":65,"column":5}}],"line":63},"4":{"loc":{"start":{"line":76,"column":2},"end":{"line":78,"column":3}},"type":"if","locations":[{"start":{"line":76,"column":2},"end":{"line":78,"column":3}},{"start":{"line":76,"column":2},"end":{"line":78,"column":3}}],"line":76},"5":{"loc":{"start":{"line":80,"column":2},"end":{"line":85,"column":3}},"type":"if","locations":[{"start":{"line":80,"column":2},"end":{"line":85,"column":3}},{"start":{"line":80,"column":2},"end":{"line":85,"column":3}}],"line":80},"6":{"loc":{"start":{"line":80,"column":5},"end":{"line":80,"column":50}},"type":"binary-expr","locations":[{"start":{"line":80,"column":5},"end":{"line":80,"column":32}},{"start":{"line":80,"column":36},"end":{"line":80,"column":50}}],"line":80},"7":{"loc":{"start":{"line":88,"column":4},"end":{"line":90,"column":5}},"type":"if","locations":[{"start":{"line":88,"column":4},"end":{"line":90,"column":5}},{"start":{"line":88,"column":4},"end":{"line":90,"column":5}}],"line":88}},"s":{"0":1,"1":1,"2":1,"3":1,"4":1,"5":1,"6":1,"7":1,"8":1,"9":1,"10":1,"11":1,"12":1,"13":2,"14":2,"15":1,"16":1,"17":1,"18":1,"19":1,"20":0,"21":1,"22":3,"23":3,"24":1,"25":2,"26":2,"27":1,"28":1,"29":0,"30":1,"31":3,"32":3,"33":1,"34":2,"35":2,"36":1,"37":1,"38":0,"39":1,"40":2,"41":2,"42":2,"43":0,"44":2,"45":1,"46":1,"47":1,"48":2,"49":2,"50":0,"51":2,"52":0,"53":1,"54":3,"55":3,"56":3,"57":1,"58":1,"59":2,"60":1,"61":1,"62":1,"63":1,"64":1},"f":{"0":2,"1":1,"2":1,"3":1,"4":1,"5":0,"6":3,"7":2,"8":0,"9":3,"10":2,"11":0,"12":2,"13":2,"14":0,"15":3,"16":1,"17":1,"18":2,"19":1,"20":1},"b":{"0":[1,2],"1":[1,1],"2":[1,2],"3":[1,1],"4":[0,2],"5":[1,1],"6":[2,2],"7":[0,2]},"_coverageSchema":"332fd63041d2c1bcb487cc26dd0d5f7d97098a6c","hash":"4a58b7a9dd163adf8be5532fe6312f23d9845082"}
,"/home/simon/code/node/node-todo-api/server/config/config.js": {"path":"/home/simon/code/node/node-todo-api/server/config/config.js","statementMap":{"0":{"start":{"line":1,"column":10},"end":{"line":1,"column":47}},"1":{"start":{"line":3,"column":0},"end":{"line":9,"column":1}},"2":{"start":{"line":4,"column":2},"end":{"line":4,"column":25}},"3":{"start":{"line":5,"column":2},"end":{"line":5,"column":63}},"4":{"start":{"line":6,"column":7},"end":{"line":9,"column":1}},"5":{"start":{"line":7,"column":2},"end":{"line":7,"column":25}},"6":{"start":{"line":8,"column":2},"end":{"line":8,"column":67}}},"fnMap":{},"branchMap":{"0":{"loc":{"start":{"line":1,"column":10},"end":{"line":1,"column":47}},"type":"binary-expr","locations":[{"start":{"line":1,"column":10},"end":{"line":1,"column":30}},{"start":{"line":1,"column":34},"end":{"line":1,"column":47}}],"line":1},"1":{"loc":{"start":{"line":3,"column":0},"end":{"line":9,"column":1}},"type":"if","locations":[{"start":{"line":3,"column":0},"end":{"line":9,"column":1}},{"start":{"line":3,"column":0},"end":{"line":9,"column":1}}],"line":3},"2":{"loc":{"start":{"line":6,"column":7},"end":{"line":9,"column":1}},"type":"if","locations":[{"start":{"line":6,"column":7},"end":{"line":9,"column":1}},{"start":{"line":6,"column":7},"end":{"line":9,"column":1}}],"line":6}},"s":{"0":1,"1":1,"2":0,"3":0,"4":1,"5":1,"6":1},"f":{},"b":{"0":[1,0],"1":[0,1],"2":[1,0]},"_coverageSchema":"332fd63041d2c1bcb487cc26dd0d5f7d97098a6c","hash":"3480bb77a83dc18f691db120f20b817a11ff4fcf"}
,"/home/simon/code/node/node-todo-api/server/db/mongoose.js": {"path":"/home/simon/code/node/node-todo-api/server/db/mongoose.js","statementMap":{"0":{"start":{"line":1,"column":15},"end":{"line":1,"column":34}},"1":{"start":{"line":3,"column":16},"end":{"line":5,"column":1}},"2":{"start":{"line":6,"column":0},"end":{"line":6,"column":33}},"3":{"start":{"line":7,"column":0},"end":{"line":7,"column":49}},"4":{"start":{"line":9,"column":0},"end":{"line":11,"column":1}}},"fnMap":{},"branchMap":{},"s":{"0":1,"1":1,"2":1,"3":1,"4":1},"f":{},"b":{},"_coverageSchema":"332fd63041d2c1bcb487cc26dd0d5f7d97098a6c","hash":"6145de646e321fd6ea6b36d1210f77b5f71c3957"}
,"/home/simon/code/node/node-todo-api/server/middleware/authenticate.js": {"path":"/home/simon/code/node/node-todo-api/server/middleware/authenticate.js","statementMap":{"0":{"start":{"line":1,"column":13},"end":{"line":1,"column":40}},"1":{"start":{"line":3,"column":19},"end":{"line":17,"column":1}},"2":{"start":{"line":4,"column":14},"end":{"line":4,"column":34}},"3":{"start":{"line":6,"column":2},"end":{"line":16,"column":4}},"4":{"start":{"line":7,"column":4},"end":{"line":10,"column":5}},"5":{"start":{"line":8,"column":6},"end":{"line":8,"column":29}},"6":{"start":{"line":11,"column":4},"end":{"line":11,"column":19}},"7":{"start":{"line":12,"column":4},"end":{"line":12,"column":21}},"8":{"start":{"line":13,"column":4},"end":{"line":13,"column":10}},"9":{"start":{"line":15,"column":4},"end":{"line":15,"column":26}},"10":{"start":{"line":19,"column":0},"end":{"line":19,"column":31}}},"fnMap":{"0":{"name":"(anonymous_0)","decl":{"start":{"line":3,"column":19},"end":{"line":3,"column":20}},"loc":{"start":{"line":3,"column":39},"end":{"line":17,"column":1}},"line":3},"1":{"name":"(anonymous_1)","decl":{"start":{"line":6,"column":31},"end":{"line":6,"column":32}},"loc":{"start":{"line":6,"column":41},"end":{"line":14,"column":3}},"line":6},"2":{"name":"(anonymous_2)","decl":{"start":{"line":14,"column":11},"end":{"line":14,"column":12}},"loc":{"start":{"line":14,"column":18},"end":{"line":16,"column":3}},"line":14}},"branchMap":{"0":{"loc":{"start":{"line":7,"column":4},"end":{"line":10,"column":5}},"type":"if","locations":[{"start":{"line":7,"column":4},"end":{"line":10,"column":5}},{"start":{"line":7,"column":4},"end":{"line":10,"column":5}}],"line":7}},"s":{"0":1,"1":1,"2":2,"3":2,"4":1,"5":0,"6":1,"7":1,"8":1,"9":1,"10":1},"f":{"0":2,"1":1,"2":1},"b":{"0":[0,1]},"_coverageSchema":"332fd63041d2c1bcb487cc26dd0d5f7d97098a6c","hash":"b5d6b8f077e0c3cf50ed48d3af38719b8c9b337d"}
,"/home/simon/code/node/node-todo-api/server/models/todo.js": {"path":"/home/simon/code/node/node-todo-api/server/models/todo.js","statementMap":{"0":{"start":{"line":1,"column":17},"end":{"line":1,"column":36}},"1":{"start":{"line":3,"column":11},"end":{"line":19,"column":2}},"2":{"start":{"line":21,"column":0},"end":{"line":21,"column":24}}},"fnMap":{},"branchMap":{},"s":{"0":1,"1":1,"2":1},"f":{},"b":{},"_coverageSchema":"332fd63041d2c1bcb487cc26dd0d5f7d97098a6c","hash":"65c2b1141d4e581a3bbad7c00e74af285e50680d"}
,"/home/simon/code/node/node-todo-api/server/models/user.js": {"path":"/home/simon/code/node/node-todo-api/server/models/user.js","statementMap":{"0":{"start":{"line":1,"column":17},"end":{"line":1,"column":36}},"1":{"start":{"line":2,"column":18},"end":{"line":2,"column":38}},"2":{"start":{"line":3,"column":12},"end":{"line":3,"column":35}},"3":{"start":{"line":4,"column":10},"end":{"line":4,"column":27}},"4":{"start":{"line":5,"column":15},"end":{"line":5,"column":34}},"5":{"start":{"line":7,"column":17},"end":{"line":34,"column":2}},"6":{"start":{"line":38,"column":0},"end":{"line":46,"column":1}},"7":{"start":{"line":39,"column":13},"end":{"line":39,"column":17}},"8":{"start":{"line":43,"column":19},"end":{"line":43,"column":34}},"9":{"start":{"line":45,"column":2},"end":{"line":45,"column":45}},"10":{"start":{"line":48,"column":0},"end":{"line":58,"column":1}},"11":{"start":{"line":49,"column":13},"end":{"line":49,"column":17}},"12":{"start":{"line":50,"column":15},"end":{"line":50,"column":21}},"13":{"start":{"line":51,"column":14},"end":{"line":51,"column":81}},"14":{"start":{"line":53,"column":2},"end":{"line":53,"column":53}},"15":{"start":{"line":55,"column":2},"end":{"line":57,"column":4}},"16":{"start":{"line":56,"column":4},"end":{"line":56,"column":16}},"17":{"start":{"line":62,"column":0},"end":{"line":80,"column":1}},"18":{"start":{"line":63,"column":13},"end":{"line":63,"column":17}},"19":{"start":{"line":66,"column":2},"end":{"line":73,"column":3}},"20":{"start":{"line":67,"column":4},"end":{"line":67,"column":41}},"21":{"start":{"line":72,"column":4},"end":{"line":72,"column":27}},"22":{"start":{"line":75,"column":2},"end":{"line":79,"column":4}},"23":{"start":{"line":85,"column":0},"end":{"line":99,"column":2}},"24":{"start":{"line":86,"column":13},"end":{"line":86,"column":17}},"25":{"start":{"line":88,"column":2},"end":{"line":97,"column":3}},"26":{"start":{"line":89,"column":4},"end":{"line":94,"column":6}},"27":{"start":{"line":90,"column":6},"end":{"line":93,"column":8}},"28":{"start":{"line":91,"column":8},"end":{"line":91,"column":28}},"29":{"start":{"line":92,"column":8},"end":{"line":92,"column":14}},"30":{"start":{"line":96,"column":4},"end":{"line":96,"column":10}},"31":{"start":{"line":101,"column":11},"end":{"line":101,"column":45}},"32":{"start":{"line":103,"column":0},"end":{"line":103,"column":23}}},"fnMap":{"0":{"name":"(anonymous_0)","decl":{"start":{"line":38,"column":28},"end":{"line":38,"column":29}},"loc":{"start":{"line":38,"column":40},"end":{"line":46,"column":1}},"line":38},"1":{"name":"(anonymous_1)","decl":{"start":{"line":48,"column":39},"end":{"line":48,"column":40}},"loc":{"start":{"line":48,"column":51},"end":{"line":58,"column":1}},"line":48},"2":{"name":"(anonymous_2)","decl":{"start":{"line":55,"column":27},"end":{"line":55,"column":28}},"loc":{"start":{"line":55,"column":33},"end":{"line":57,"column":3}},"line":55},"3":{"name":"(anonymous_3)","decl":{"start":{"line":62,"column":33},"end":{"line":62,"column":34}},"loc":{"start":{"line":62,"column":50},"end":{"line":80,"column":1}},"line":62},"4":{"name":"(anonymous_4)","decl":{"start":{"line":85,"column":23},"end":{"line":85,"column":24}},"loc":{"start":{"line":85,"column":38},"end":{"line":99,"column":1}},"line":85},"5":{"name":"(anonymous_5)","decl":{"start":{"line":89,"column":23},"end":{"line":89,"column":24}},"loc":{"start":{"line":89,"column":38},"end":{"line":94,"column":5}},"line":89},"6":{"name":"(anonymous_6)","decl":{"start":{"line":90,"column":39},"end":{"line":90,"column":40}},"loc":{"start":{"line":90,"column":54},"end":{"line":93,"column":7}},"line":90}},"branchMap":{"0":{"loc":{"start":{"line":88,"column":2},"end":{"line":97,"column":3}},"type":"if","locations":[{"start":{"line":88,"column":2},"end":{"line":97,"column":3}},{"start":{"line":88,"column":2},"end":{"line":97,"column":3}}],"line":88}},"s":{"0":1,"1":1,"2":1,"3":1,"4":1,"5":1,"6":1,"7":2,"8":2,"9":2,"10":1,"11":1,"12":1,"13":1,"14":1,"15":1,"16":1,"17":1,"18":2,"19":2,"20":2,"21":1,"22":1,"23":1,"24":35,"25":35,"26":34,"27":34,"28":34,"29":34,"30":1,"31":1,"32":1},"f":{"0":2,"1":1,"2":1,"3":2,"4":35,"5":34,"6":34},"b":{"0":[34,1]},"_coverageSchema":"332fd63041d2c1bcb487cc26dd0d5f7d97098a6c","hash":"d32b6d97d1f5fdd481a9eafdeed064e756e3d992"}
,"/home/simon/code/node/node-todo-api/server/tests/seed/seed.js": {"path":"/home/simon/code/node/node-todo-api/server/tests/seed/seed.js","statementMap":{"0":{"start":{"line":1,"column":19},"end":{"line":1,"column":37}},"1":{"start":{"line":2,"column":12},"end":{"line":2,"column":35}},"2":{"start":{"line":4,"column":15},"end":{"line":4,"column":45}},"3":{"start":{"line":5,"column":15},"end":{"line":5,"column":45}},"4":{"start":{"line":7,"column":18},"end":{"line":7,"column":32}},"5":{"start":{"line":8,"column":18},"end":{"line":8,"column":32}},"6":{"start":{"line":9,"column":14},"end":{"line":24,"column":1}},"7":{"start":{"line":27,"column":14},"end":{"line":35,"column":2}},"8":{"start":{"line":37,"column":22},"end":{"line":43,"column":1}},"9":{"start":{"line":38,"column":2},"end":{"line":42,"column":4}},"10":{"start":{"line":39,"column":4},"end":{"line":39,"column":33}},"11":{"start":{"line":41,"column":4},"end":{"line":41,"column":11}},"12":{"start":{"line":45,"column":22},"end":{"line":54,"column":1}},"13":{"start":{"line":46,"column":2},"end":{"line":53,"column":4}},"14":{"start":{"line":47,"column":18},"end":{"line":47,"column":43}},"15":{"start":{"line":48,"column":18},"end":{"line":48,"column":43}},"16":{"start":{"line":50,"column":4},"end":{"line":50,"column":42}},"17":{"start":{"line":52,"column":4},"end":{"line":52,"column":10}},"18":{"start":{"line":56,"column":0},"end":{"line":56,"column":61}}},"fnMap":{"0":{"name":"(anonymous_0)","decl":{"start":{"line":37,"column":22},"end":{"line":37,"column":23}},"loc":{"start":{"line":37,"column":32},"end":{"line":43,"column":1}},"line":37},"1":{"name":"(anonymous_1)","decl":{"start":{"line":38,"column":23},"end":{"line":38,"column":24}},"loc":{"start":{"line":38,"column":28},"end":{"line":40,"column":3}},"line":38},"2":{"name":"(anonymous_2)","decl":{"start":{"line":40,"column":10},"end":{"line":40,"column":11}},"loc":{"start":{"line":40,"column":16},"end":{"line":42,"column":3}},"line":40},"3":{"name":"(anonymous_3)","decl":{"start":{"line":45,"column":22},"end":{"line":45,"column":23}},"loc":{"start":{"line":45,"column":32},"end":{"line":54,"column":1}},"line":45},"4":{"name":"(anonymous_4)","decl":{"start":{"line":46,"column":23},"end":{"line":46,"column":24}},"loc":{"start":{"line":46,"column":29},"end":{"line":51,"column":3}},"line":46},"5":{"name":"(anonymous_5)","decl":{"start":{"line":51,"column":10},"end":{"line":51,"column":11}},"loc":{"start":{"line":51,"column":16},"end":{"line":53,"column":3}},"line":51}},"branchMap":{},"s":{"0":1,"1":1,"2":1,"3":1,"4":1,"5":1,"6":1,"7":1,"8":1,"9":16,"10":16,"11":16,"12":1,"13":16,"14":16,"15":16,"16":16,"17":16,"18":1},"f":{"0":16,"1":16,"2":16,"3":16,"4":16,"5":16},"b":{},"_coverageSchema":"332fd63041d2c1bcb487cc26dd0d5f7d97098a6c","hash":"d29ddf829de9410963c71eec1f4da07b40248e47"}
}
