TN:
SF:/home/simon/code/node/node-todo-api/server/server.js
FN:19,(anonymous_0)
FN:23,(anonymous_1)
FN:25,(anonymous_2)
FN:31,(anonymous_3)
FN:32,(anonymous_4)
FN:34,(anonymous_5)
FN:39,(anonymous_6)
FN:47,(anonymous_7)
FN:52,(anonymous_8)
FN:57,(anonymous_9)
FN:62,(anonymous_10)
FN:68,(anonymous_11)
FN:73,(anonymous_12)
FN:87,(anonymous_13)
FN:93,(anonymous_14)
FN:99,(anonymous_15)
FN:108,(anonymous_16)
FN:110,(anonymous_17)
FN:112,(anonymous_18)
FN:118,(anonymous_19)
FN:122,(anonymous_20)
FNF:21
FNH:17
FNDA:2,(anonymous_0)
FNDA:1,(anonymous_1)
FNDA:1,(anonymous_2)
FNDA:1,(anonymous_3)
FNDA:1,(anonymous_4)
FNDA:0,(anonymous_5)
FNDA:3,(anonymous_6)
FNDA:2,(anonymous_7)
FNDA:0,(anonymous_8)
FNDA:3,(anonymous_9)
FNDA:2,(anonymous_10)
FNDA:0,(anonymous_11)
FNDA:2,(anonymous_12)
FNDA:2,(anonymous_13)
FNDA:0,(anonymous_14)
FNDA:3,(anonymous_15)
FNDA:1,(anonymous_16)
FNDA:1,(anonymous_17)
FNDA:2,(anonymous_18)
FNDA:1,(anonymous_19)
FNDA:1,(anonymous_20)
DA:1,1
DA:3,1
DA:4,1
DA:5,1
DA:7,1
DA:8,1
DA:10,1
DA:11,1
DA:12,1
DA:14,1
DA:15,1
DA:17,1
DA:19,1
DA:20,2
DA:23,2
DA:24,1
DA:26,1
DA:31,1
DA:32,1
DA:33,1
DA:35,0
DA:39,1
DA:43,3
DA:44,3
DA:45,1
DA:47,2
DA:48,2
DA:49,1
DA:51,1
DA:53,0
DA:57,1
DA:58,3
DA:59,3
DA:60,1
DA:62,2
DA:63,2
DA:64,1
DA:66,1
DA:69,0
DA:73,1
DA:74,2
DA:75,2
DA:76,2
DA:77,0
DA:80,2
DA:81,1
DA:83,1
DA:84,1
DA:87,2
DA:88,2
DA:89,0
DA:91,2
DA:94,0
DA:99,1
DA:100,3
DA:101,3
DA:108,3
DA:109,1
DA:111,1
DA:113,2
DA:118,1
DA:119,1
DA:122,1
DA:123,1
DA:126,1
LF:65
LH:59
BRDA:44,0,0,1
BRDA:44,0,1,2
BRDA:48,1,0,1
BRDA:48,1,1,1
BRDA:59,2,0,1
BRDA:59,2,1,2
BRDA:63,3,0,1
BRDA:63,3,1,1
BRDA:76,4,0,0
BRDA:76,4,1,2
BRDA:80,5,0,1
BRDA:80,5,1,1
BRDA:80,6,0,2
BRDA:80,6,1,2
BRDA:88,7,0,0
BRDA:88,7,1,2
BRF:16
BRH:14
end_of_record
TN:
SF:/home/simon/code/node/node-todo-api/server/config/config.js
FNF:0
FNH:0
DA:1,1
DA:3,1
DA:4,0
DA:5,0
DA:6,1
DA:7,1
DA:8,1
LF:7
LH:5
BRDA:1,0,0,1
BRDA:1,0,1,0
BRDA:3,1,0,0
BRDA:3,1,1,1
BRDA:6,2,0,1
BRDA:6,2,1,0
BRF:6
BRH:3
end_of_record
TN:
SF:/home/simon/code/node/node-todo-api/server/db/mongoose.js
FNF:0
FNH:0
DA:1,1
DA:3,1
DA:6,1
DA:7,1
DA:9,1
LF:5
LH:5
BRF:0
BRH:0
end_of_record
TN:
SF:/home/simon/code/node/node-todo-api/server/middleware/authenticate.js
FN:3,(anonymous_0)
FN:6,(anonymous_1)
FN:14,(anonymous_2)
FNF:3
FNH:3
FNDA:2,(anonymous_0)
FNDA:1,(anonymous_1)
FNDA:1,(anonymous_2)
DA:1,1
DA:3,1
DA:4,2
DA:6,2
DA:7,1
DA:8,0
DA:11,1
DA:12,1
DA:13,1
DA:15,1
DA:19,1
LF:11
LH:10
BRDA:7,0,0,0
BRDA:7,0,1,1
BRF:2
BRH:1
end_of_record
TN:
SF:/home/simon/code/node/node-todo-api/server/models/todo.js
FNF:0
FNH:0
DA:1,1
DA:3,1
DA:21,1
LF:3
LH:3
BRF:0
BRH:0
end_of_record
TN:
SF:/home/simon/code/node/node-todo-api/server/models/user.js
FN:38,(anonymous_0)
FN:48,(anonymous_1)
FN:55,(anonymous_2)
FN:62,(anonymous_3)
FN:85,(anonymous_4)
FN:89,(anonymous_5)
FN:90,(anonymous_6)
FNF:7
FNH:7
FNDA:2,(anonymous_0)
FNDA:1,(anonymous_1)
FNDA:1,(anonymous_2)
FNDA:2,(anonymous_3)
FNDA:35,(anonymous_4)
FNDA:34,(anonymous_5)
FNDA:34,(anonymous_6)
DA:1,1
DA:2,1
DA:3,1
DA:4,1
DA:5,1
DA:7,1
DA:38,1
DA:39,2
DA:43,2
DA:45,2
DA:48,1
DA:49,1
DA:50,1
DA:51,1
DA:53,1
DA:55,1
DA:56,1
DA:62,1
DA:63,2
DA:66,2
DA:67,2
DA:72,1
DA:75,1
DA:85,1
DA:86,35
DA:88,35
DA:89,34
DA:90,34
DA:91,34
DA:92,34
DA:96,1
DA:101,1
DA:103,1
LF:33
LH:33
BRDA:88,0,0,34
BRDA:88,0,1,1
BRF:2
BRH:2
end_of_record
TN:
SF:/home/simon/code/node/node-todo-api/server/tests/seed/seed.js
FN:37,(anonymous_0)
FN:38,(anonymous_1)
FN:40,(anonymous_2)
FN:45,(anonymous_3)
FN:46,(anonymous_4)
FN:51,(anonymous_5)
FNF:6
FNH:6
FNDA:16,(anonymous_0)
FNDA:16,(anonymous_1)
FNDA:16,(anonymous_2)
FNDA:16,(anonymous_3)
FNDA:16,(anonymous_4)
FNDA:16,(anonymous_5)
DA:1,1
DA:2,1
DA:4,1
DA:5,1
DA:7,1
DA:8,1
DA:9,1
DA:27,1
DA:37,1
DA:38,16
DA:39,16
DA:41,16
DA:45,1
DA:46,16
DA:47,16
DA:48,16
DA:50,16
DA:52,16
DA:56,1
LF:19
LH:19
BRF:0
BRH:0
end_of_record
